[17:46:46] [main/INFO]: Loading Minecraft 1.21.1 with Fabric Loader 0.16.10
[17:46:46] [main/INFO]: Loading 4 mods:
	- fabricloader 0.16.10
	   \-- mixinextras 0.4.1
	- java 21
	- minecraft 1.21.1
[17:46:46] [main/INFO]: SpongePowered MIXIN Subsystem Version=0.8.7 Source=file:/workspaces/SERVERMALP/servidor_minecraft/libraries/net/fabricmc/sponge-mixin/0.15.4+mixin.0.8.7/sponge-mixin-0.15.4+mixin.0.8.7.jar Service=Knot/Fabric Env=SERVER
[17:46:55] [main/INFO]: Environment: Environment[sessionHost=https://sessionserver.mojang.com, servicesHost=https://api.minecraftservices.com, name=PROD]
[17:46:57] [main/INFO]: No existing world data, creating new world
[17:46:58] [main/INFO]: Loaded 1290 recipes
[17:46:59] [main/INFO]: Loaded 1399 advancements
[17:46:59] [Server thread/INFO]: Starting minecraft server version 1.21.1
[17:46:59] [Server thread/INFO]: Loading properties
[17:46:59] [Server thread/INFO]: Default game type: SURVIVAL
[17:46:59] [Server thread/INFO]: Generating keypair
[17:46:59] [Server thread/INFO]: Starting Minecraft server on *:25565
[17:47:00] [Server thread/INFO]: Using epoll channel type
[17:47:00] [Server thread/WARN]: **** SERVER IS RUNNING IN OFFLINE/INSECURE MODE!
[17:47:00] [Server thread/WARN]: The server will make no attempt to authenticate usernames. Beware.
[17:47:00] [Server thread/WARN]: While this makes the game possible to play without internet access, it also opens up the ability for hackers to connect with any username they choose.
[17:47:00] [Server thread/WARN]: To change this, set "online-mode" to "true" in the server.properties file.
[17:47:00] [Server thread/INFO]: Preparing level "world"
[17:47:16] [Server thread/INFO]: Preparing start region for dimension minecraft:overworld
[17:47:16] [Worker-Main-1/INFO]: Preparing spawn area: 2%
[17:47:17] [Worker-Main-1/INFO]: Preparing spawn area: 2%
[17:47:17] [Worker-Main-1/INFO]: Preparing spawn area: 2%
[17:47:17] [Worker-Main-1/INFO]: Preparing spawn area: 2%
[17:47:18] [Worker-Main-1/INFO]: Preparing spawn area: 2%
[17:47:18] [Worker-Main-1/INFO]: Preparing spawn area: 2%
[17:47:19] [Worker-Main-1/INFO]: Preparing spawn area: 2%
[17:47:19] [Worker-Main-1/INFO]: Preparing spawn area: 2%
[17:47:20] [Worker-Main-1/INFO]: Preparing spawn area: 2%
[17:47:20] [Worker-Main-1/INFO]: Preparing spawn area: 2%
[17:47:21] [Worker-Main-1/INFO]: Preparing spawn area: 2%
[17:47:21] [Worker-Main-1/INFO]: Preparing spawn area: 2%
[17:47:22] [Worker-Main-1/INFO]: Preparing spawn area: 2%
[17:47:22] [Worker-Main-1/INFO]: Preparing spawn area: 2%
[17:47:23] [Worker-Main-1/INFO]: Preparing spawn area: 2%
[17:47:23] [Worker-Main-1/INFO]: Preparing spawn area: 2%
[17:47:24] [Worker-Main-1/INFO]: Preparing spawn area: 2%
[17:47:24] [Worker-Main-1/INFO]: Preparing spawn area: 2%
[17:47:25] [Worker-Main-1/INFO]: Preparing spawn area: 2%
[17:47:25] [Worker-Main-1/INFO]: Preparing spawn area: 2%
[17:47:26] [Worker-Main-1/INFO]: Preparing spawn area: 2%
[17:47:26] [Server thread/INFO]: Time elapsed: 10585 ms
[17:47:26] [Server thread/INFO]: Done (26.397s)! For help, type "help"
[17:47:26] [Server thread/INFO]: Unknown or incomplete command, see below for error
[17:47:26] [Server thread/INFO]: home/codespace/.python/current/bin/python3 /workspaces/SERVERMALP/msx.py<--[HERE]
